0 info it worked if it ends with ok
1 verbose cli [ 'C:\\Program Files\\nodejs\\node.exe',
1 verbose cli   'C:\\Program Files\\nodejs\\node_modules\\npm\\bin\\npm-cli.js',
1 verbose cli   'run',
1 verbose cli   'build:css' ]
2 info using npm@3.10.10
3 info using node@v6.11.5
4 verbose run-script [ 'prebuild:css', 'build:css', 'postbuild:css' ]
5 info lifecycle trillo@1.0.0~prebuild:css: trillo@1.0.0
6 silly lifecycle trillo@1.0.0~prebuild:css: no script for prebuild:css, continuing
7 info lifecycle trillo@1.0.0~build:css: trillo@1.0.0
8 verbose lifecycle trillo@1.0.0~build:css: unsafe-perm in lifecycle true
9 verbose lifecycle trillo@1.0.0~build:css: PATH: C:\Program Files\nodejs\node_modules\npm\bin\node-gyp-bin;D:\GV\Trillo-css-course\node_modules\.bin;C:\ProgramData\Oracle\Java\javapath;C:\Program Files (x86)\NVIDIA Corporation\PhysX\Common;C:\Windows\system32;C:\Windows;C:\Windows\System32\Wbem;C:\Windows\System32\WindowsPowerShell\v1.0\;D:\apache-maven-3.2.5\bin;C:\Program Files\Java\jdk1.7.0_75\bin;C:\Program Files (x86)\Brackets\command;D:\MongoDB\bin\;C:\Program Files\Microsoft SQL Server\130\Tools\Binn\;C:\Program Files (x86)\SMLNJ\bin\;D:\openssl-0.9.8h-1-bin\bin;C:\Program Files (x86)\Skype\Phone\;C:\Program Files\Git\cmd;D:\wamp64\bin\php\php7.0.10;C:\composer;C:\Program Files (x86)\Yarn\bin;C:\Users\georgi.varbanov\AppData\Roaming\npm;C:\Users\georgi.varbanov\AppData\Roaming\nvm;C:\Program Files\Intel\WiFi\bin\;C:\Program Files\Common Files\Intel\WirelessCommon\;C:\Program Files\SlikSvn\bin;C:\Program Files\nodejs\;D:\MongoDB\bin\;C:\Users\georgi.varbanov\AppData\Local\atom\bin;C:\Program Files\Heroku\bin;C:\Users\georgi.varbanov\AppData\Roaming\Composer\vendor\bin;C:\Users\georgi.varbanov\AppData\Local\Yarn\bin;C:\Program Files\Microsoft VS Code\bin;C:\Program Files\Intel\WiFi\bin\;C:\Program Files\Common Files\Intel\WirelessCommon\;C:\Users\georgi.varbanov\AppData\Roaming\npm
10 verbose lifecycle trillo@1.0.0~build:css: CWD: D:\GV\Trillo-css-course
11 silly lifecycle trillo@1.0.0~build:css: Args: [ '/d /s /c',
11 silly lifecycle   'npm-run-all compile:sass prefix:css compress:css' ]
12 silly lifecycle trillo@1.0.0~build:css: Returned: code: 1  signal: null
13 info lifecycle trillo@1.0.0~build:css: Failed to exec build:css script
14 verbose stack Error: trillo@1.0.0 build:css: `npm-run-all compile:sass prefix:css compress:css`
14 verbose stack Exit status 1
14 verbose stack     at EventEmitter.<anonymous> (C:\Program Files\nodejs\node_modules\npm\lib\utils\lifecycle.js:255:16)
14 verbose stack     at emitTwo (events.js:106:13)
14 verbose stack     at EventEmitter.emit (events.js:191:7)
14 verbose stack     at ChildProcess.<anonymous> (C:\Program Files\nodejs\node_modules\npm\lib\utils\spawn.js:40:14)
14 verbose stack     at emitTwo (events.js:106:13)
14 verbose stack     at ChildProcess.emit (events.js:191:7)
14 verbose stack     at maybeClose (internal/child_process.js:920:16)
14 verbose stack     at Process.ChildProcess._handle.onexit (internal/child_process.js:230:5)
15 verbose pkgid trillo@1.0.0
16 verbose cwd D:\GV\Trillo-css-course
17 error Windows_NT 6.1.7601
18 error argv "C:\\Program Files\\nodejs\\node.exe" "C:\\Program Files\\nodejs\\node_modules\\npm\\bin\\npm-cli.js" "run" "build:css"
19 error node v6.11.5
20 error npm  v3.10.10
21 error code ELIFECYCLE
22 error trillo@1.0.0 build:css: `npm-run-all compile:sass prefix:css compress:css`
22 error Exit status 1
23 error Failed at the trillo@1.0.0 build:css script 'npm-run-all compile:sass prefix:css compress:css'.
23 error Make sure you have the latest version of node.js and npm installed.
23 error If you do, this is most likely a problem with the trillo package,
23 error not with npm itself.
23 error Tell the author that this fails on your system:
23 error     npm-run-all compile:sass prefix:css compress:css
23 error You can get information on how to open an issue for this project with:
23 error     npm bugs trillo
23 error Or if that isn't available, you can get their info via:
23 error     npm owner ls trillo
23 error There is likely additional logging output above.
24 verbose exit [ 1, true ]
